1553529188715:help
1553529644676:exit
1553530011832:help
1553530014518:exit
1553530083335:help
1553530086903:poll
1553530138860:quit
1553530155720:help
1553530163086:add 2 3
1553530170968:sum 1 2
1553530215271:exit
1553530231237:help
1553530236706:add 2 3
1553530247328:exit
1553530259521:help
1553530264492:add 2 3
1553530609193:exit
1553530645572:help
1553530671519:poll
1553531789715:quit
1553531801314:help
1553531803774:add 2 3
1553531813875:quit
1553544729763:poll
1553544757844:exit
1553544769595:poll
1553544816552:exit
1553544828951:poll
1553544839352:exit
1553544862797:poll
1553544885279:exit
1553544895717:poll
1553544938691:exit
1553544950112:poll
1553544995971:exit
1553545006626:poll
1553545121403:exit
1553545132676:poll
1553545239822:exit
1553545248941:poll
1553545492334:exit
1553545502480:poll
1553547235271:poll stacktrace
1553547243169:stacktrace
1553547284322:poll
1553547443071:stacktrace
1553547697279:poll
1553547805538:poll;
1553547809899:poll
1553606991024:fetch 2000
1553607048446:fetch
1553607058832:fetch 2
1553607281381:fetch
1553607399570:exit
1553609792285:flush
1553609797148:fetch
1553609827183:exit
1553609838166:fetch
1553609847160:da
1553609851615:exit
1553610100441:fetch
1553610332023:exit
1553610635086:poll
1553610643502:fetch
1553610654896:it
1553610656681:exit
1553627318837:history
1553627351821:poll
1553627359718:history
1553628834324:poll
1553628841748:history
1553629013400:poll
1553629022094:backup
1553629088595:history
1553629094465:poll
1553629100942:history
1553629166099:poll
1553629173884:history
1553629182351:backup
1553630300893:restore
1553630323265:history
1553630331637:poll
1553630339654:history
1553630350317:restore
1553630352615:history
1553630355028:poll
1553630359283:history
1553630368049:backup
1553630370997:restore
1553630380204:history
1553636344455:services
1553637019803:help
1553685823683:help1
1553686575249:help
1553686596361:fetch --timer 1000
1553686618235:t
1553686990231:fetch timer 10
1553687014095:fetch --timer 10
1553687097583:fetch
1553687423638:poll --only a b
1553687914588:poll --only a b null null null
1553688626793:poll
1553688636545:poll --only a b c d
1553688653060:poll --only a,b,d
1553688681074:poll --only github,slack --exclude bitbucket
1553689691614:poll
1553689702456:poll --only a b
1553689721989:poll --only a b d c d
1553689899801:poll
1553689917135:poll --only github
1553689928088:poll --exlude bitbucket
1553690017692:poll --exlude a
1553690024828:poll --only a
1553690042125:poll --only github --exclude slack
1553690102413:poll --only a
1553690118178:poll --only a --exlude b
1553690137161:poll
1553690854824:poll --only a
1553690869858:poll --exclude a
1553690891300:poll
1553690895635:poll --only a
1553690904528:poll --exclude b
1553690912086:poll --only a --exclude b
1553691442489:poll
1553701624877:poll --only github
1553703016738:poll
1553703026278:poll only github
1553703038229:poll --only github
1553703683376:poll
1553703693257:poll --only github
1553703706749:poll --exclude github
1553704120887:fetch
1553704135127:exit
1553704167155:fetch -timer 10
1553704173899:fetch --timer 10
1553704220551:fetch
1553704262444:fetch --timer 10
1553704359582:fetch --timer 10 --only github
1553704373711:exit
1553704406723:fetch --only github
1553704422178:exit
1553704441259:fetch --exclude bitbucket
1553704450638:exit
1553705112249:poll
1553705141404:poll --only github
1553705218425:poll --only bitbucket
1553705237286:poll --exclude bitbucket
1553705778171:backup /home/joaoreis/Desktop/challenge_mb/backup_test/backup.txt
1553705805296:poll --only slack
1553705818007:backup /home/joaoreis/Desktop/challenge_mb/backup_test/backup.txt
